2025-08-15 10:28:28,781 INFO root: Arena bot stopped.
2025-08-15 10:29:06,841 INFO root: Arena bot stopped.
2025-08-15 10:30:05,998 INFO root: Arena bot stopped.
2025-08-15 10:34:20,177 INFO root: No enemy found. Attempting to select ally.
2025-08-15 10:34:22,833 INFO root: Attacked enemy at (1005, 538)
2025-08-15 10:34:25,116 INFO root: Attacked enemy at (1005, 538)
2025-08-15 10:34:27,316 INFO root: Attacked enemy at (216, 148)
2025-08-15 10:34:29,516 INFO root: Attacked enemy at (219, 146)
2025-08-15 10:34:31,717 INFO root: Attacked enemy at (227, 152)
2025-08-15 10:34:33,915 INFO root: Attacked enemy at (227, 152)
2025-08-15 10:34:36,116 INFO root: Attacked enemy at (227, 152)
2025-08-15 10:34:38,315 INFO root: Attacked enemy at (227, 152)
2025-08-15 10:34:40,513 INFO root: Attacked enemy at (227, 152)
2025-08-15 10:34:42,716 INFO root: Attacked enemy at (227, 152)
2025-08-15 10:34:44,917 INFO root: Attacked enemy at (227, 152)
2025-08-15 10:34:46,233 INFO root: Arena bot stopped.
2025-08-15 10:35:01,987 INFO root: No enemy found. Attempting to select ally.
2025-08-15 10:35:04,674 INFO root: Attacked enemy at (1185, 577)
2025-08-15 10:35:06,963 INFO root: Attacked enemy at (1185, 577)
2025-08-15 10:35:09,255 INFO root: Attacked enemy at (1185, 577)
2025-08-15 10:35:11,523 INFO root: No enemy found. Attempting to select ally.
2025-08-15 10:35:14,037 INFO root: No enemy found. Attempting to select ally.
2025-08-15 10:35:16,576 INFO root: Attacked enemy at (1185, 577)
2025-08-15 10:35:18,868 INFO root: Attacked enemy at (1185, 577)
2025-08-15 10:35:21,137 INFO root: No enemy found. Attempting to select ally.
2025-08-15 10:35:23,669 INFO root: No enemy found. Attempting to select ally.
2025-08-15 10:35:26,210 INFO root: Attacked enemy at (1185, 577)
2025-08-15 10:35:28,505 INFO root: Attacked enemy at (1185, 577)
2025-08-15 10:35:29,358 INFO root: Arena bot stopped.
2025-08-15 10:43:12,296 [INFO] Attacked enemy at (1124, 592)
2025-08-15 10:43:14,616 [INFO] Attacked enemy at (1124, 592)
2025-08-15 10:43:16,886 [INFO] No enemy found. Attempting to select ally.
2025-08-15 10:43:19,411 [INFO] No enemy found. Attempting to select ally.
2025-08-15 10:43:20,626 [INFO] Arena bot stopped.
2025-08-15 10:43:45,023 [INFO] Attacked enemy at (1019, 518)
2025-08-15 10:43:47,293 [INFO] No enemy found. Attempting to select ally.
2025-08-15 10:43:49,814 [INFO] No enemy found. Attempting to select ally.
2025-08-15 10:43:52,355 [INFO] No enemy found. Attempting to select ally.
2025-08-15 10:43:54,913 [INFO] No enemy found. Attempting to select ally.
2025-08-15 10:43:55,965 [INFO] Arena bot stopped.
2025-08-15 21:21:46,045 [INFO] Moved mouse to shop location at (1008, 1064)
2025-08-15 21:21:48,315 [INFO] Moved mouse to shop location at (1008, 1064)
2025-08-15 21:21:50,572 [INFO] Moved mouse to shop location at (1008, 1064)
2025-08-15 21:21:52,868 [INFO] Moved mouse to shop location at (867, 975)
2025-08-15 21:21:55,161 [INFO] Moved mouse to shop location at (825, 975)
2025-08-15 21:21:57,459 [INFO] Moved mouse to shop location at (828, 975)
2025-08-15 21:21:58,530 [INFO] Arena bot stopped.
2025-08-15 21:22:13,070 [WARNING] Shop menu location not found.
2025-08-15 21:22:15,371 [WARNING] Shop menu location not found.
2025-08-15 21:22:17,639 [WARNING] Shop menu location not found.
2025-08-15 21:22:19,901 [WARNING] Shop menu location not found.
2025-08-15 21:22:20,990 [INFO] Arena bot stopped.
2025-08-15 21:22:50,520 [WARNING] Shop menu location not found.
2025-08-15 21:22:52,774 [WARNING] Shop menu location not found.
2025-08-15 21:22:55,066 [WARNING] Shop menu location not found.
2025-08-15 21:22:57,336 [WARNING] Shop menu location not found.
2025-08-15 21:22:58,993 [INFO] Arena bot stopped.
2025-08-15 21:23:08,851 [WARNING] Shop menu location not found.
2025-08-15 21:23:11,135 [INFO] Moved mouse to shop location at (755, 1008)
2025-08-15 21:23:13,409 [INFO] Moved mouse to shop location at (755, 1008)
2025-08-15 21:23:15,689 [INFO] Moved mouse to shop location at (755, 1008)
2025-08-15 21:23:17,982 [INFO] Moved mouse to shop location at (755, 1008)
2025-08-15 21:23:19,224 [INFO] Arena bot stopped.
2025-08-15 21:28:22,211 [INFO] Moved mouse to shop location at (1216, 1053)
2025-08-15 21:28:24,473 [INFO] Moved mouse to shop location at (1216, 1053)
2025-08-15 21:28:26,580 [INFO] Moved mouse to shop location at (473, 217)
2025-08-15 21:28:28,678 [INFO] Moved mouse to shop location at (473, 274)
2025-08-15 21:28:30,987 [INFO] Moved mouse to shop location at (1216, 1053)
2025-08-15 21:28:33,124 [INFO] Moved mouse to shop location at (460, 204)
2025-08-15 21:28:35,177 [INFO] Moved mouse to shop location at (1629, 16)
2025-08-15 21:28:37,225 [INFO] Moved mouse to shop location at (1629, 16)
2025-08-15 21:28:39,279 [INFO] Moved mouse to shop location at (874, 20)
2025-08-15 21:28:41,389 [INFO] Moved mouse to shop location at (894, 87)
2025-08-15 21:28:43,468 [INFO] Moved mouse to shop location at (899, 47)
2025-08-15 21:28:45,545 [INFO] Moved mouse to shop location at (1802, 39)
2025-08-15 21:28:47,601 [INFO] Moved mouse to shop location at (1571, 17)
2025-08-15 21:28:49,142 [INFO] Arena bot stopped.
2025-08-15 21:28:57,314 [WARNING] Shop menu location not found.
2025-08-15 21:28:59,407 [INFO] Moved mouse to shop location at (1791, 244)
2025-08-15 21:29:01,536 [INFO] Moved mouse to shop location at (1494, 422)
2025-08-15 21:29:03,673 [INFO] Moved mouse to shop location at (1249, 444)
2025-08-15 21:29:05,951 [WARNING] Shop menu location not found.
2025-08-15 21:29:08,233 [WARNING] Shop menu location not found.
2025-08-15 21:29:10,518 [WARNING] Shop menu location not found.
2025-08-15 21:29:12,654 [INFO] Moved mouse to shop location at (1745, 437)
2025-08-15 21:29:14,786 [INFO] Moved mouse to shop location at (1745, 437)
2025-08-15 21:29:16,944 [INFO] Moved mouse to shop location at (1745, 437)
2025-08-15 21:29:19,077 [INFO] Moved mouse to shop location at (1495, 426)
2025-08-15 21:29:21,207 [INFO] Moved mouse to shop location at (1495, 426)
2025-08-15 21:29:23,491 [WARNING] Shop menu location not found.
2025-08-15 21:29:25,636 [INFO] Moved mouse to shop location at (1324, 494)
2025-08-15 21:29:27,754 [INFO] Moved mouse to shop location at (1593, 370)
2025-08-15 21:29:29,877 [INFO] Moved mouse to shop location at (1593, 370)
2025-08-15 21:29:31,999 [INFO] Moved mouse to shop location at (1593, 370)
2025-08-15 21:29:32,846 [INFO] Arena bot stopped.
2025-08-15 22:17:14,833 [WARNING] Shop menu location not found.
2025-08-15 22:17:17,087 [WARNING] Shop menu location not found.
2025-08-15 22:17:19,350 [WARNING] Shop menu location not found.
2025-08-15 22:17:21,604 [WARNING] Shop menu location not found.
2025-08-15 22:17:22,852 [INFO] Arena bot stopped.
2025-08-15 22:23:09,191 [WARNING] Shop menu location not found.
2025-08-15 22:23:10,363 [INFO] Arena bot stopped.
2025-08-16 20:00:45,870 [INFO] Text 'main' not found on screen.
2025-08-16 20:00:55,335 [INFO] Text 'main' not found on screen.
2025-08-16 20:04:43,908 [INFO] Text 'main' not found on screen.
2025-08-16 20:05:07,212 [INFO] Text 'main' not found on screen.
2025-08-16 20:07:54,961 [INFO] Found text 'main' at location (57, 1010, 60, 18)
2025-08-16 20:08:10,787 [INFO] Found text 'main' at location (57, 1010, 60, 18)
2025-08-16 20:09:18,120 [INFO] Text 'main' not found on screen.
2025-08-16 20:09:36,959 [INFO] Found text 'main' at location (57, 1010, 60, 18)
2025-08-16 20:12:29,675 [INFO] Found text 'main' at location (311, 576, 80, 17)
2025-08-16 20:12:48,729 [INFO] Found text 'bot' at location (433, 502, 27, 13)
2025-08-16 20:12:57,260 [INFO] Found text 'bot' at location (433, 502, 27, 13)
2025-08-16 20:13:06,511 [INFO] Found text 'bot' at location (433, 502, 27, 13)
2025-08-16 20:14:22,550 [INFO] Found text 'bot' at location (433, 550, 27, 13)
2025-08-16 20:14:32,497 [INFO] Text '__main__' not found on screen.
2025-08-16 20:14:42,635 [INFO] Found text 'main' at location (311, 624, 80, 17)
2025-08-16 20:17:03,290 [INFO] Text 'SELL' not found on screen.
2025-08-16 20:17:03,290 [INFO] Text 'SELL' not found on screen.
2025-08-16 20:17:05,877 [INFO] Text 'SELL' not found on screen.
2025-08-16 20:17:05,878 [INFO] Text 'SELL' not found on screen.
2025-08-17 09:25:31,137 [INFO] Found text 'SELL' at location (663, 826, 36, 12)
2025-08-17 09:25:31,138 [INFO] Moved mouse to 'SELL' at (681, 832)
2025-08-17 09:25:34,933 [INFO] Found text 'SELL' at location (663, 826, 36, 12)
2025-08-17 09:25:34,934 [INFO] Moved mouse to 'SELL' at (681, 832)
2025-08-17 09:30:49,355 [INFO] Found text 'SELL' at location (663, 826, 36, 12)
2025-08-17 09:30:52,226 [INFO] Found text 'SELL' at location (663, 826, 36, 12)
2025-08-17 09:30:55,135 [INFO] Found text 'SELL' at location (663, 826, 36, 12)
2025-08-17 09:30:57,982 [INFO] Found text 'SELL' at location (663, 826, 36, 12)
2025-08-17 09:31:00,838 [INFO] Found text 'SELL' at location (663, 826, 36, 12)
2025-08-17 09:31:03,722 [INFO] Found text 'SELL' at location (663, 826, 36, 12)
2025-08-17 09:31:06,577 [INFO] Found text 'SELL' at location (663, 826, 36, 12)
2025-08-17 09:31:09,579 [INFO] Text 'SELL' not found on screen.
2025-08-17 09:31:12,909 [INFO] Text 'SELL' not found on screen.
2025-08-17 09:51:17,009 [INFO] Found text 'SELL' at location (663, 826, 36, 12)
2025-08-17 09:51:17,009 [ERROR] Error in arena bot: SetCursorPos() argument 1 must be sequence of length 2, not 4
2025-08-17 09:51:23,617 [INFO] Text 'SELL' not found on screen.
2025-08-17 09:51:23,617 [WARNING] Shop menu location not found. Attempting to buy at default position.
2025-08-17 09:51:28,195 [INFO] Arena bot stopped.
2025-08-17 09:52:19,199 [INFO] Found text 'SELL' at location (663, 826, 36, 12)
2025-08-17 09:52:19,200 [ERROR] Error in arena bot: SetCursorPos() argument 1 must be sequence of length 2, not 4
2025-08-17 09:52:25,728 [INFO] Text 'SELL' not found on screen.
2025-08-17 09:52:25,728 [WARNING] Shop menu location not found. Attempting to buy at default position.
2025-08-17 09:52:28,764 [INFO] Arena bot stopped.
2025-08-17 09:53:05,543 [INFO] Text 'SELL' not found on screen.
2025-08-17 09:53:05,543 [WARNING] Shop menu location not found. Attempting to buy at default position.
2025-08-17 09:53:10,224 [INFO] Found text 'SELL' at location (663, 826, 36, 12)
2025-08-17 09:53:10,224 [ERROR] Error in arena bot: SetCursorPos() argument 1 must be sequence of length 2, not 4
2025-08-17 09:53:16,363 [INFO] Text 'SELL' not found on screen.
2025-08-17 09:53:16,363 [WARNING] Shop menu location not found. Attempting to buy at default position.
2025-08-17 09:53:20,760 [INFO] Text 'SELL' not found on screen.
2025-08-17 09:53:20,760 [WARNING] Shop menu location not found. Attempting to buy at default position.
2025-08-17 09:53:22,763 [INFO] Arena bot stopped.
2025-08-17 09:53:24,988 [INFO] Text 'SELL' not found on screen.
2025-08-17 09:53:24,988 [WARNING] Shop menu location not found. Attempting to buy at default position.
2025-08-17 09:53:26,204 [INFO] Arena bot stopped.
2025-08-17 09:53:26,973 [INFO] Arena bot stopped.
2025-08-17 09:53:27,725 [INFO] Arena bot stopped.
2025-08-17 09:53:28,367 [INFO] Arena bot stopped.
2025-08-17 09:53:30,107 [INFO] Text 'SELL' not found on screen.
2025-08-17 09:53:30,108 [WARNING] Shop menu location not found. Attempting to buy at default position.
2025-08-17 09:53:31,819 [INFO] Arena bot stopped.
2025-08-17 09:53:33,614 [INFO] Found text 'SELL' at location (1828, 395, 38, 11)
2025-08-17 09:53:33,614 [ERROR] Error in arena bot: SetCursorPos() argument 1 must be sequence of length 2, not 4
2025-08-17 09:53:40,712 [INFO] Text 'SELL' not found on screen.
2025-08-17 09:53:40,712 [WARNING] Shop menu location not found. Attempting to buy at default position.
2025-08-17 09:53:45,139 [INFO] Text 'SELL' not found on screen.
2025-08-17 09:53:45,140 [WARNING] Shop menu location not found. Attempting to buy at default position.
2025-08-17 09:53:50,750 [INFO] Text 'SELL' not found on screen.
2025-08-17 09:53:50,750 [WARNING] Shop menu location not found. Attempting to buy at default position.
2025-08-17 09:53:55,263 [INFO] Text 'SELL' not found on screen.
2025-08-17 09:53:55,263 [WARNING] Shop menu location not found. Attempting to buy at default position.
2025-08-17 09:54:00,358 [INFO] Text 'SELL' not found on screen.
2025-08-17 09:54:00,358 [WARNING] Shop menu location not found. Attempting to buy at default position.
2025-08-17 09:54:05,519 [INFO] Text 'SELL' not found on screen.
2025-08-17 09:54:05,520 [WARNING] Shop menu location not found. Attempting to buy at default position.
2025-08-17 10:00:54,514 [INFO] Found text 'SELL' at location (663, 826, 36, 12)
2025-08-17 10:00:54,667 [INFO] Found shop menu at (663, 826)
2025-08-17 10:00:59,340 [INFO] Found text 'SELL' at location (663, 826, 36, 12)
2025-08-17 10:00:59,492 [INFO] Found shop menu at (663, 826)
2025-08-17 10:01:04,109 [INFO] Found text 'SELL' at location (663, 826, 36, 12)
2025-08-17 10:01:04,267 [INFO] Found shop menu at (663, 826)
2025-08-17 10:01:08,907 [INFO] Found text 'SELL' at location (663, 826, 36, 12)
2025-08-17 10:01:09,059 [INFO] Found shop menu at (663, 826)
2025-08-17 10:01:10,239 [INFO] Arena bot stopped.
2025-08-17 10:04:33,824 [INFO] Text 'SELL' not found on screen.
2025-08-17 10:04:33,824 [WARNING] Shop menu location not found. Attempting to buy at default position.
2025-08-17 10:04:37,943 [INFO] Text 'SELL' not found on screen.
2025-08-17 10:04:37,943 [WARNING] Shop menu location not found. Attempting to buy at default position.
2025-08-17 10:04:42,126 [INFO] Arena bot stopped.
2025-08-17 10:05:09,974 [INFO] Text 'SELL' not found on screen.
2025-08-17 10:05:09,974 [WARNING] Shop menu location not found. Attempting to buy at default position.
2025-08-17 10:05:14,001 [INFO] Text 'SELL' not found on screen.
2025-08-17 10:05:14,001 [WARNING] Shop menu location not found. Attempting to buy at default position.
2025-08-17 10:05:18,199 [INFO] Arena bot stopped.
2025-08-17 10:11:15,031 [INFO] Text 'SELL' not found on screen.
2025-08-17 10:11:15,032 [WARNING] Shop menu location not found. Attempting to buy at default position.
2025-08-17 10:11:19,348 [INFO] Text 'SELL' not found on screen.
2025-08-17 10:11:19,348 [WARNING] Shop menu location not found. Attempting to buy at default position.
2025-08-17 10:11:23,799 [INFO] Text 'SELL' not found on screen.
2025-08-17 10:11:23,799 [WARNING] Shop menu location not found. Attempting to buy at default position.
2025-08-17 10:11:25,420 [INFO] Arena bot stopped.
2025-08-17 10:12:26,997 [INFO] Text 'SELL' not found on screen.
2025-08-17 10:12:26,997 [WARNING] Shop menu location not found. Attempting to buy at default position.
2025-08-17 10:12:30,919 [INFO] Text 'SELL' not found on screen.
2025-08-17 10:12:30,920 [WARNING] Shop menu location not found. Attempting to buy at default position.
2025-08-17 10:12:34,873 [INFO] Text 'SELL' not found on screen.
2025-08-17 10:12:34,873 [WARNING] Shop menu location not found. Attempting to buy at default position.
2025-08-17 10:12:34,971 [INFO] Arena bot stopped.
2025-08-17 10:12:48,348 [INFO] Text 'SELL' not found on screen.
2025-08-17 10:12:48,348 [WARNING] Shop menu location not found. Attempting to buy at default position.
2025-08-17 10:12:52,386 [INFO] Text 'SELL' not found on screen.
2025-08-17 10:12:52,386 [WARNING] Shop menu location not found. Attempting to buy at default position.
2025-08-17 10:12:54,678 [INFO] Arena bot stopped.
2025-08-17 10:14:24,772 [INFO] Text 'SELL' not found on screen.
2025-08-17 10:14:24,772 [WARNING] Shop menu location not found. Attempting to buy at default position.
2025-08-17 10:14:28,791 [INFO] Text 'SELL' not found on screen.
2025-08-17 10:14:28,791 [WARNING] Shop menu location not found. Attempting to buy at default position.
2025-08-17 10:14:32,741 [INFO] Arena bot stopped.
2025-08-17 10:16:36,725 [INFO] Found text 'SELL' at location (663, 826, 36, 12)
2025-08-17 10:16:36,882 [INFO] Found shop menu at (663, 826)
2025-08-17 10:16:41,090 [INFO] Found text 'SELL' at location (663, 826, 36, 12)
2025-08-17 10:16:41,245 [INFO] Found shop menu at (663, 826)
2025-08-17 10:16:45,589 [INFO] Found text 'SELL' at location (663, 826, 36, 12)
2025-08-17 10:16:45,748 [INFO] Found shop menu at (663, 826)
2025-08-17 10:16:46,809 [INFO] Arena bot stopped.
2025-08-17 10:18:39,270 [INFO] Found text 'SELL' at location (663, 826, 35, 12)
2025-08-17 10:18:39,425 [INFO] Found shop menu at (663, 826)
2025-08-17 10:18:43,797 [INFO] Found text 'SELL' at location (663, 826, 35, 12)
2025-08-17 10:18:43,952 [INFO] Found shop menu at (663, 826)
2025-08-17 10:18:45,710 [INFO] Arena bot stopped.
2025-08-17 10:19:27,664 [INFO] Text 'SELL' not found on screen.
2025-08-17 10:19:27,664 [WARNING] Shop menu location not found. Attempting to buy at default position.
2025-08-17 10:19:31,711 [INFO] Text 'SELL' not found on screen.
2025-08-17 10:19:31,711 [WARNING] Shop menu location not found. Attempting to buy at default position.
2025-08-17 10:19:31,858 [INFO] Arena bot stopped.
2025-08-17 10:19:49,228 [INFO] Found text 'SELL' at location (663, 826, 35, 12)
2025-08-17 10:19:49,381 [INFO] Found shop menu at (663, 826)
2025-08-17 10:19:53,698 [INFO] Found text 'SELL' at location (663, 826, 35, 12)
2025-08-17 10:19:53,850 [INFO] Found shop menu at (663, 826)
2025-08-17 10:19:55,326 [INFO] Arena bot stopped.
2025-08-17 10:20:56,375 [INFO] Found text 'SELL' at location (663, 826, 35, 12)
2025-08-17 10:20:56,532 [INFO] Found shop menu at (663, 826)
2025-08-17 10:20:59,338 [INFO] Arena bot stopped.
2025-08-17 10:21:47,750 [INFO] Found text 'SELL' at location (663, 826, 35, 12)
2025-08-17 10:21:47,907 [INFO] Found shop menu at (663, 826)
2025-08-17 10:21:49,803 [INFO] Arena bot stopped.
2025-08-17 10:22:27,631 [INFO] Found text 'SELL' at location (663, 826, 36, 12)
2025-08-17 10:22:27,784 [INFO] Found shop menu at (663, 826)
2025-08-17 10:22:30,239 [INFO] Arena bot stopped.
2025-08-17 10:22:52,423 [INFO] Found text 'SELL' at location (663, 826, 36, 12)
2025-08-17 10:22:52,578 [INFO] Found shop menu at (663, 826)
2025-08-17 10:22:54,217 [INFO] Arena bot stopped.
2025-08-17 10:31:30,440 [INFO] Found text 'SELL' at location (663, 826, 36, 12)
2025-08-17 10:31:30,593 [INFO] Found shop menu at (663, 826)
2025-08-17 10:31:35,085 [INFO] Found text 'SELL' at location (663, 826, 36, 12)
2025-08-17 10:31:35,236 [INFO] Found shop menu at (663, 826)
2025-08-17 10:31:36,716 [INFO] Arena bot stopped.
2025-08-17 10:31:56,949 [INFO] Found text 'SELL' at location (663, 826, 36, 12)
2025-08-17 10:31:57,102 [INFO] Found shop menu at (663, 826)
2025-08-17 10:32:01,671 [INFO] Found text 'SELL' at location (663, 826, 36, 12)
2025-08-17 10:32:01,823 [INFO] Found shop menu at (663, 826)
2025-08-17 10:32:03,747 [INFO] Arena bot stopped.
2025-08-17 10:32:15,772 [INFO] Found text 'SELL' at location (663, 826, 36, 12)
2025-08-17 10:32:15,926 [INFO] Found shop menu at (663, 826)
2025-08-17 10:32:20,490 [INFO] Found text 'SELL' at location (663, 826, 36, 12)
2025-08-17 10:32:20,641 [INFO] Found shop menu at (663, 826)
2025-08-17 10:32:25,218 [INFO] Found text 'SELL' at location (663, 826, 36, 12)
2025-08-17 10:32:25,374 [INFO] Found shop menu at (663, 826)
2025-08-17 10:32:29,957 [INFO] Found text 'SELL' at location (369, 822, 36, 12)
2025-08-17 10:32:30,109 [INFO] Found shop menu at (369, 822)
2025-08-17 10:32:34,663 [INFO] Found text 'SELL' at location (369, 822, 36, 12)
2025-08-17 10:32:34,816 [INFO] Found shop menu at (369, 822)
2025-08-17 10:32:36,647 [INFO] Arena bot stopped.
2025-08-17 10:33:40,392 [INFO] Text 'SELL' not found on screen.
2025-08-17 10:33:40,392 [WARNING] Shop menu location not found. Attempting to buy at default position.
2025-08-17 10:34:16,728 [INFO] Text 'SELL' not found on screen.
2025-08-17 10:34:16,728 [WARNING] Shop menu location not found. Attempting to buy at default position.
2025-08-17 10:34:20,205 [INFO] Text 'SELL' not found on screen.
2025-08-17 10:34:20,205 [WARNING] Shop menu location not found. Attempting to buy at default position.
2025-08-17 10:34:21,936 [INFO] Arena bot stopped.
