2025-08-20 23:46:26 [INFO] Game utilities initialized.
2025-08-20 23:46:26 [INFO] Keybinds and general settings loaded.
2025-08-20 23:46:26 [INFO] Press END key to exit anytime.
2025-08-20 23:46:26 [INFO] Listening for END key to exit...
2025-08-20 23:47:27 [INFO] Starting Script. Waiting for client...
2025-08-20 23:47:27 [INFO] Connected to League Client, waiting for window...
2025-08-20 23:47:32 [INFO] [EVENT] Gameflow phase: Lobby
2025-08-20 23:47:32 [INFO] [EVENT] Starting queue.
2025-08-20 23:47:35 [INFO] [EVENT] Gameflow phase: ChampSelect
2025-08-20 23:47:42 [INFO] Attempting to pick championId -3 (Bravery)...
2025-08-20 23:47:42 [INFO] Attempting to pick championId -3 (Bravery)...
2025-08-20 23:47:43 [INFO] Attempting to pick a random champion from your pool...
2025-08-20 23:47:43 [ERROR] No champions found in champion map. Skipping pick.
2025-08-20 23:47:43 [INFO] Attempting to pick a random champion from your pool...
2025-08-20 23:47:43 [ERROR] No champions found in champion map. Skipping pick.
2025-08-20 23:47:52 [INFO] Attempting to pick championId -3 (Bravery)...
2025-08-20 23:47:52 [INFO] Attempting to pick championId -3 (Bravery)...
2025-08-20 23:47:52 [INFO] Attempting to pick a random champion from your pool...
2025-08-20 23:47:52 [ERROR] No champions found in champion map. Skipping pick.
2025-08-20 23:47:52 [INFO] Attempting to pick a random champion from your pool...
2025-08-20 23:47:52 [ERROR] No champions found in champion map. Skipping pick.
2025-08-20 23:47:56 [INFO] Attempting to pick championId -3 (Bravery)...
2025-08-20 23:47:56 [INFO] Attempting to pick championId -3 (Bravery)...
2025-08-20 23:47:56 [INFO] Attempting to pick a random champion from your pool...
2025-08-20 23:47:56 [ERROR] No champions found in champion map. Skipping pick.
2025-08-20 23:47:56 [INFO] Attempting to pick a random champion from your pool...
2025-08-20 23:47:56 [ERROR] No champions found in champion map. Skipping pick.
2025-08-20 23:47:57 [INFO] [EVENT] Gameflow phase: None
2025-08-20 23:55:45 [INFO] Event loop interrupted by keyboard
2025-08-20 23:55:45 [WARNING] Invalid selection. Please try again.
2025-08-20 23:55:45 [ERROR] Unclosed client session
client_session: <aiohttp.client.ClientSession object at 0x0000027BC5851F10>
2025-08-20 23:55:45 [ERROR] Unclosed client session
client_session: <aiohttp.client.ClientSession object at 0x0000027BC58D69D0>
2025-08-20 23:55:45 [ERROR] Task exception was never retrieved
future: <Task finished name='Task-4' coro=<ConnectorEventManager.run_event() done, defined at C:\Users\Wesley\AppData\Local\Programs\Python\Python311\Lib\site-packages\lcu_driver\events\managers.py:28> exception=error(0, 'SetForegroundWindow', 'No error message is available')>
Traceback (most recent call last):
  File "C:\Users\Wesley\AppData\Local\Programs\Python\Python311\Lib\site-packages\lcu_driver\events\managers.py", line 30, in run_event
    await asyncio.create_task(
  File "c:\Users\Wesley\Documents\GitHub\League-Scripts-2\main.py", line 87, in connect
  File "c:\Users\Wesley\Documents\GitHub\League-Scripts-2\utils\general_utils.py", line 218, in bring_window_to_front
    def bring_client_to_front():
        ^^^^^^^^^^^^^^^^^^^^^^^^^
pywintypes.error: (0, 'SetForegroundWindow', 'No error message is available')
