2025-08-21 00:15:57 [INFO] Press END key to exit anytime.
2025-08-21 00:15:57 [INFO] Listening for END key to exit...
2025-08-21 00:15:58 [INFO] Starting Script. Waiting for client...
2025-08-21 00:15:58 [INFO] Connected to League Client, waiting for window...
2025-08-21 00:15:58 [ERROR] Could not bring League of Legends to front: (0, 'SetForegroundWindow', 'No error message is available')
2025-08-21 00:15:58 [INFO] League client window not found, retrying...
2025-08-21 00:15:59 [ERROR] Could not bring League of Legends to front: (0, 'SetForegroundWindow', 'No error message is available')
2025-08-21 00:15:59 [INFO] League client window not found, retrying...
2025-08-21 00:16:00 [ERROR] Could not bring League of Legends to front: (0, 'SetForegroundWindow', 'No error message is available')
2025-08-21 00:16:00 [INFO] League client window not found, retrying...
2025-08-21 00:16:01 [ERROR] Could not bring League of Legends to front: (0, 'SetForegroundWindow', 'No error message is available')
2025-08-21 00:16:01 [INFO] League client window not found, retrying...
2025-08-21 00:16:02 [ERROR] Could not bring League of Legends to front: (0, 'SetForegroundWindow', 'No error message is available')
2025-08-21 00:16:02 [INFO] League client window not found, retrying...
2025-08-21 00:16:03 [ERROR] Could not bring League of Legends to front: (0, 'SetForegroundWindow', 'No error message is available')
2025-08-21 00:16:03 [INFO] League client window not found, retrying...
2025-08-21 00:16:04 [ERROR] Could not bring League of Legends to front: (0, 'SetForegroundWindow', 'No error message is available')
2025-08-21 00:16:04 [INFO] League client window not found, retrying...
2025-08-21 00:16:05 [ERROR] Could not bring League of Legends to front: (0, 'SetForegroundWindow', 'No error message is available')
2025-08-21 00:16:05 [INFO] League client window not found, retrying...
2025-08-21 00:16:05 [INFO] Event loop interrupted by keyboard
2025-08-21 00:16:52 [WARNING] Invalid selection. Please try again.
2025-08-21 00:16:54 [ERROR] Unclosed client session
client_session: <aiohttp.client.ClientSession object at 0x00000225067C0490>
2025-08-21 00:16:54 [ERROR] Task was destroyed but it is pending!
task: <Task pending name='Task-4' coro=<ConnectorEventManager.run_event() running at C:\Users\Wesley\AppData\Local\Programs\Python\Python311\Lib\site-packages\lcu_driver\events\managers.py:30> wait_for=<Task finished name='Task-5' coro=<connect() done, defined at c:\Users\Wesley\Documents\GitHub\League-Scripts-2\main.py:72> exception=KeyboardInterrupt()>>
2025-08-21 00:16:54 [ERROR] Task exception was never retrieved
future: <Task finished name='Task-5' coro=<connect() done, defined at c:\Users\Wesley\Documents\GitHub\League-Scripts-2\main.py:72> exception=KeyboardInterrupt()>
Traceback (most recent call last):
  File "C:\Users\Wesley\AppData\Local\Programs\Python\Python311\Lib\site-packages\lcu_driver\connector.py", line 70, in start
    wrapper()
  File "C:\Users\Wesley\AppData\Local\Programs\Python\Python311\Lib\site-packages\lcu_driver\connector.py", line 64, in wrapper
    self.loop.run_until_complete(connection.init())
  File "C:\Users\Wesley\AppData\Local\Programs\Python\Python311\Lib\asyncio\base_events.py", line 641, in run_until_complete
    self.run_forever()
  File "C:\Users\Wesley\AppData\Local\Programs\Python\Python311\Lib\asyncio\windows_events.py", line 321, in run_forever
    super().run_forever()
  File "C:\Users\Wesley\AppData\Local\Programs\Python\Python311\Lib\asyncio\base_events.py", line 608, in run_forever
    self._run_once()
  File "C:\Users\Wesley\AppData\Local\Programs\Python\Python311\Lib\asyncio\base_events.py", line 1936, in _run_once
    handle._run()
  File "C:\Users\Wesley\AppData\Local\Programs\Python\Python311\Lib\asyncio\events.py", line 84, in _run
    self._context.run(self._callback, *self._args)
  File "c:\Users\Wesley\Documents\GitHub\League-Scripts-2\main.py", line 83, in connect
    time.sleep(1)
KeyboardInterrupt
2025-08-21 00:16:54 [ERROR] Unclosed client session
client_session: <aiohttp.client.ClientSession object at 0x00000225067C0D90>
